Defaulting to user installation because normal site-packages is not writeable
Requirement already satisfied: torchsummary in ./.local/lib/python3.8/site-packages (1.5.1)
WARNING: You are using pip version 20.2.3; however, version 22.3.1 is available.
You should consider upgrading via the '/share/apps/python/3.8.6/intel/bin/python -m pip install --upgrade pip' command.
Defaulting to user installation because normal site-packages is not writeable
ERROR: Could not open requirements file: [Errno 2] No such file or directory: 'pytorch'
WARNING: You are using pip version 20.2.3; however, version 22.3.1 is available.
You should consider upgrading via the '/share/apps/python/3.8.6/intel/bin/python -m pip install --upgrade pip' command.
==> Preparing data..
Files already downloaded and verified
Files already downloaded and verified
Total number of trainable parameters: 1711322

Epoch: 0
/home/xl3914/.local/lib/python3.8/site-packages/torch/utils/data/dataloader.py:563: UserWarning: This DataLoader will create 4 worker processes in total. Our suggested max number of worker in current system is 1, which is smaller than what this DataLoader is going to create. Please be aware that excessive worker creation might get DataLoader running slow or even freeze, lower the worker number to avoid potential slowness/freeze if necessary.
  warnings.warn(_create_warning_msg(
Train Loss: 1.61392 | Train Best Acc: 39.59250%
Val Loss: 1.32330 | Val  Best Acc: 51.76000%
Test Loss: 1.35230 | Test  Best Acc: 51.76000%

Epoch: 1
Train Loss: 1.12445 | Train Best Acc: 59.77750%
Val Loss: 1.12036 | Val  Best Acc: 60.83000%
Test Loss: 1.08599 | Test  Best Acc: 62.45000%

Epoch: 2
Train Loss: 0.92997 | Train Best Acc: 66.55250%
Val Loss: 0.91964 | Val  Best Acc: 67.53000%
Test Loss: 0.95572 | Test  Best Acc: 67.53000%

Epoch: 3
Train Loss: 0.82709 | Train Best Acc: 70.61750%
Val Loss: 0.89525 | Val  Best Acc: 69.22000%
Test Loss: 0.98591 | Test  Best Acc: 69.22000%

Epoch: 4
Train Loss: 0.73203 | Train Best Acc: 74.37500%
Val Loss: 0.79167 | Val  Best Acc: 72.35000%
Test Loss: 0.85675 | Test  Best Acc: 72.35000%

Epoch: 5
Train Loss: 0.65747 | Train Best Acc: 77.11000%
Val Loss: 0.76633 | Val  Best Acc: 73.59000%
Test Loss: 0.78978 | Test  Best Acc: 73.59000%

Epoch: 6
Train Loss: 0.60488 | Train Best Acc: 78.91750%
Val Loss: 0.72049 | Val  Best Acc: 74.97000%
Test Loss: 0.74907 | Test  Best Acc: 74.97000%

Epoch: 7
Train Loss: 0.55408 | Train Best Acc: 80.76500%
Val Loss: 0.76284 | Val  Best Acc: 74.97000%
Test Loss: 0.83893 | Test  Best Acc: 74.97000%

Epoch: 8
Train Loss: 0.52193 | Train Best Acc: 81.78000%
Val Loss: 0.56862 | Val  Best Acc: 80.47000%
Test Loss: 0.56915 | Test  Best Acc: 80.47000%

Epoch: 9
Train Loss: 0.48743 | Train Best Acc: 83.12000%
Val Loss: 0.58608 | Val  Best Acc: 80.47000%
Test Loss: 0.65108 | Test  Best Acc: 80.47000%

Epoch: 10
Train Loss: 0.46398 | Train Best Acc: 83.90750%
Val Loss: 0.81371 | Val  Best Acc: 80.47000%
Test Loss: 0.93297 | Test  Best Acc: 80.47000%

Epoch: 11
Train Loss: 0.44428 | Train Best Acc: 84.62000%
Val Loss: 0.66319 | Val  Best Acc: 80.47000%
Test Loss: 0.67411 | Test  Best Acc: 80.47000%

Epoch: 12
Train Loss: 0.42255 | Train Best Acc: 85.42500%
Val Loss: 0.60532 | Val  Best Acc: 80.47000%
Test Loss: 0.70669 | Test  Best Acc: 80.47000%

Epoch: 13
Train Loss: 0.40736 | Train Best Acc: 85.77250%
Val Loss: 0.49677 | Val  Best Acc: 83.28000%
Test Loss: 0.55179 | Test  Best Acc: 83.28000%

Epoch: 14
Train Loss: 0.38675 | Train Best Acc: 86.42750%
Val Loss: 0.43962 | Val  Best Acc: 85.09000%
Test Loss: 0.47495 | Test  Best Acc: 85.09000%

Epoch: 15
Train Loss: 0.37369 | Train Best Acc: 87.05250%
Val Loss: 0.50807 | Val  Best Acc: 85.09000%
Test Loss: 0.54126 | Test  Best Acc: 85.09000%

Epoch: 16
Train Loss: 0.36337 | Train Best Acc: 87.40750%
Val Loss: 0.51477 | Val  Best Acc: 85.09000%
Test Loss: 0.53595 | Test  Best Acc: 85.09000%

Epoch: 17
Train Loss: 0.34660 | Train Best Acc: 87.95250%
Val Loss: 0.47190 | Val  Best Acc: 85.09000%
Test Loss: 0.50877 | Test  Best Acc: 85.09000%

Epoch: 18
Train Loss: 0.33957 | Train Best Acc: 88.30000%
Val Loss: 0.49109 | Val  Best Acc: 85.09000%
Test Loss: 0.52281 | Test  Best Acc: 85.09000%

Epoch: 19
Train Loss: 0.33274 | Train Best Acc: 88.49750%
Val Loss: 0.48335 | Val  Best Acc: 85.09000%
Test Loss: 0.50516 | Test  Best Acc: 85.09000%

Epoch: 20
Train Loss: 0.33023 | Train Best Acc: 88.41250%
Val Loss: 0.40935 | Val  Best Acc: 85.87000%
Test Loss: 0.41484 | Test  Best Acc: 85.87000%

Epoch: 21
Train Loss: 0.31769 | Train Best Acc: 89.01500%
Val Loss: 0.50966 | Val  Best Acc: 85.87000%
Test Loss: 0.54053 | Test  Best Acc: 85.87000%

Epoch: 22
Train Loss: 0.30490 | Train Best Acc: 89.36500%
Val Loss: 0.47784 | Val  Best Acc: 85.87000%
Test Loss: 0.50219 | Test  Best Acc: 85.87000%

Epoch: 23
Train Loss: 0.30330 | Train Best Acc: 89.37500%
Val Loss: 0.46568 | Val  Best Acc: 85.87000%
Test Loss: 0.53158 | Test  Best Acc: 85.87000%

Epoch: 24
Train Loss: 0.29096 | Train Best Acc: 89.98000%
Val Loss: 0.50736 | Val  Best Acc: 85.87000%
Test Loss: 0.50826 | Test  Best Acc: 85.87000%

Epoch: 25
Train Loss: 0.28734 | Train Best Acc: 89.97500%
Val Loss: 0.41848 | Val  Best Acc: 86.19000%
Test Loss: 0.43501 | Test  Best Acc: 86.19000%

Epoch: 26
Train Loss: 0.28499 | Train Best Acc: 89.97500%
Val Loss: 0.50382 | Val  Best Acc: 86.19000%
Test Loss: 0.54762 | Test  Best Acc: 86.19000%

Epoch: 27
Train Loss: 0.27702 | Train Best Acc: 90.37250%
Val Loss: 0.48730 | Val  Best Acc: 86.19000%
Test Loss: 0.51761 | Test  Best Acc: 86.19000%

Epoch: 28
Train Loss: 0.26758 | Train Best Acc: 90.75000%
Val Loss: 0.39767 | Val  Best Acc: 86.19000%
Test Loss: 0.43982 | Test  Best Acc: 86.19000%

Epoch: 29
Train Loss: 0.26668 | Train Best Acc: 90.69000%
Val Loss: 0.37753 | Val  Best Acc: 87.17000%
Test Loss: 0.39618 | Test  Best Acc: 87.17000%

Epoch: 30
Train Loss: 0.25784 | Train Best Acc: 91.15250%
Val Loss: 0.40600 | Val  Best Acc: 87.17000%
Test Loss: 0.45521 | Test  Best Acc: 87.17000%

Epoch: 31
Train Loss: 0.25529 | Train Best Acc: 90.98500%
Val Loss: 0.39995 | Val  Best Acc: 87.17000%
Test Loss: 0.42796 | Test  Best Acc: 87.17000%

Epoch: 32
Train Loss: 0.25849 | Train Best Acc: 91.03250%
Val Loss: 0.46948 | Val  Best Acc: 87.17000%
Test Loss: 0.52688 | Test  Best Acc: 87.17000%

Epoch: 33
Train Loss: 0.25074 | Train Best Acc: 91.31500%
Val Loss: 0.38176 | Val  Best Acc: 87.17000%
Test Loss: 0.39996 | Test  Best Acc: 87.17000%

Epoch: 34
Train Loss: 0.24249 | Train Best Acc: 91.47250%
Val Loss: 0.43742 | Val  Best Acc: 87.17000%
Test Loss: 0.48475 | Test  Best Acc: 87.17000%

Epoch: 35
Train Loss: 0.23769 | Train Best Acc: 91.56000%
Val Loss: 0.37817 | Val  Best Acc: 87.17000%
Test Loss: 0.39927 | Test  Best Acc: 87.17000%

Epoch: 36
Train Loss: 0.23418 | Train Best Acc: 91.90000%
Val Loss: 0.41018 | Val  Best Acc: 87.17000%
Test Loss: 0.47851 | Test  Best Acc: 87.17000%

Epoch: 37
Train Loss: 0.23076 | Train Best Acc: 91.96000%
Val Loss: 0.42472 | Val  Best Acc: 87.17000%
Test Loss: 0.45359 | Test  Best Acc: 87.17000%

Epoch: 38
Train Loss: 0.22763 | Train Best Acc: 92.02750%
Val Loss: 0.39973 | Val  Best Acc: 87.17000%
Test Loss: 0.41649 | Test  Best Acc: 87.17000%

Epoch: 39
Train Loss: 0.22478 | Train Best Acc: 92.25000%
Val Loss: 0.33794 | Val  Best Acc: 88.18000%
Test Loss: 0.34781 | Test  Best Acc: 88.43000%

Epoch: 40
Train Loss: 0.22269 | Train Best Acc: 92.28000%
Val Loss: 0.37471 | Val  Best Acc: 88.43000%
Test Loss: 0.41490 | Test  Best Acc: 88.43000%

Epoch: 41
Train Loss: 0.22248 | Train Best Acc: 92.16000%
Val Loss: 0.40082 | Val  Best Acc: 88.43000%
Test Loss: 0.44877 | Test  Best Acc: 88.43000%

Epoch: 42
Train Loss: 0.21584 | Train Best Acc: 92.47750%
Val Loss: 0.40709 | Val  Best Acc: 88.43000%
Test Loss: 0.45182 | Test  Best Acc: 88.43000%

Epoch: 43
Train Loss: 0.21472 | Train Best Acc: 92.53500%
Val Loss: 0.56643 | Val  Best Acc: 88.43000%
Test Loss: 0.62745 | Test  Best Acc: 88.43000%

Epoch: 44
Train Loss: 0.21060 | Train Best Acc: 92.63250%
Val Loss: 0.36611 | Val  Best Acc: 88.43000%
Test Loss: 0.41238 | Test  Best Acc: 88.43000%

Epoch: 45
Train Loss: 0.20682 | Train Best Acc: 92.69750%
Val Loss: 0.41462 | Val  Best Acc: 88.43000%
Test Loss: 0.45124 | Test  Best Acc: 88.43000%

Epoch: 46
Train Loss: 0.20947 | Train Best Acc: 92.66000%
Val Loss: 0.41314 | Val  Best Acc: 88.43000%
Test Loss: 0.46995 | Test  Best Acc: 88.43000%

Epoch: 47
Train Loss: 0.20237 | Train Best Acc: 93.01000%
Val Loss: 0.41314 | Val  Best Acc: 88.43000%
Test Loss: 0.42046 | Test  Best Acc: 88.43000%

Epoch: 48
Train Loss: 0.19841 | Train Best Acc: 92.92250%
Val Loss: 0.41885 | Val  Best Acc: 88.43000%
Test Loss: 0.45367 | Test  Best Acc: 88.43000%

Epoch: 49
Train Loss: 0.19243 | Train Best Acc: 93.17500%
Val Loss: 0.33799 | Val  Best Acc: 89.03000%
Test Loss: 0.37048 | Test  Best Acc: 89.03000%

Epoch: 50
Train Loss: 0.19648 | Train Best Acc: 92.97500%
Val Loss: 0.37182 | Val  Best Acc: 89.03000%
Test Loss: 0.39037 | Test  Best Acc: 89.03000%

Epoch: 51
Train Loss: 0.19135 | Train Best Acc: 93.25000%
Val Loss: 0.43477 | Val  Best Acc: 89.03000%
Test Loss: 0.46009 | Test  Best Acc: 89.03000%

Epoch: 52
Train Loss: 0.18275 | Train Best Acc: 93.61000%
Val Loss: 0.39622 | Val  Best Acc: 89.03000%
Test Loss: 0.44161 | Test  Best Acc: 89.03000%

Epoch: 53
Train Loss: 0.18440 | Train Best Acc: 93.49000%
Val Loss: 0.56490 | Val  Best Acc: 89.03000%
Test Loss: 0.55818 | Test  Best Acc: 89.03000%

Epoch: 54
Train Loss: 0.18315 | Train Best Acc: 93.64250%
Val Loss: 0.35806 | Val  Best Acc: 89.03000%
Test Loss: 0.40208 | Test  Best Acc: 89.03000%

Epoch: 55
Train Loss: 0.18326 | Train Best Acc: 93.65250%
Val Loss: 0.32663 | Val  Best Acc: 89.03000%
Test Loss: 0.34902 | Test  Best Acc: 89.03000%

Epoch: 56
Train Loss: 0.18330 | Train Best Acc: 93.66500%
Val Loss: 0.38888 | Val  Best Acc: 89.03000%
Test Loss: 0.41937 | Test  Best Acc: 89.03000%

Epoch: 57
Train Loss: 0.17665 | Train Best Acc: 93.74000%
Val Loss: 0.36420 | Val  Best Acc: 89.03000%
Test Loss: 0.37437 | Test  Best Acc: 89.03000%

Epoch: 58
Train Loss: 0.17172 | Train Best Acc: 94.00000%
Val Loss: 0.38132 | Val  Best Acc: 89.03000%
Test Loss: 0.39592 | Test  Best Acc: 89.03000%

Epoch: 59
Train Loss: 0.16778 | Train Best Acc: 94.10000%
Val Loss: 0.36995 | Val  Best Acc: 89.03000%
Test Loss: 0.39195 | Test  Best Acc: 89.03000%

Epoch: 60
Train Loss: 0.16387 | Train Best Acc: 94.14500%
Val Loss: 0.36919 | Val  Best Acc: 89.03000%
Test Loss: 0.38065 | Test  Best Acc: 89.03000%

Epoch: 61
Train Loss: 0.16476 | Train Best Acc: 94.25750%
Val Loss: 0.36237 | Val  Best Acc: 89.03000%
Test Loss: 0.42583 | Test  Best Acc: 89.03000%

Epoch: 62
Train Loss: 0.15536 | Train Best Acc: 94.58500%
Val Loss: 0.40843 | Val  Best Acc: 89.03000%
Test Loss: 0.45864 | Test  Best Acc: 89.03000%

Epoch: 63
Train Loss: 0.15934 | Train Best Acc: 94.29250%
Val Loss: 0.35430 | Val  Best Acc: 89.03000%
Test Loss: 0.40005 | Test  Best Acc: 89.03000%

Epoch: 64
Train Loss: 0.15993 | Train Best Acc: 94.35000%
Val Loss: 0.32895 | Val  Best Acc: 89.56000%
Test Loss: 0.36016 | Test  Best Acc: 89.56000%

Epoch: 65
Train Loss: 0.15888 | Train Best Acc: 94.40750%
Val Loss: 0.34006 | Val  Best Acc: 89.56000%
Test Loss: 0.36666 | Test  Best Acc: 89.56000%

Epoch: 66
Train Loss: 0.15201 | Train Best Acc: 94.59750%
Val Loss: 0.38545 | Val  Best Acc: 89.56000%
Test Loss: 0.41471 | Test  Best Acc: 89.56000%

Epoch: 67
Train Loss: 0.15114 | Train Best Acc: 94.69250%
Val Loss: 0.32623 | Val  Best Acc: 89.56000%
Test Loss: 0.36679 | Test  Best Acc: 89.56000%

Epoch: 68
Train Loss: 0.15106 | Train Best Acc: 94.63500%
Val Loss: 0.34191 | Val  Best Acc: 89.56000%
Test Loss: 0.38783 | Test  Best Acc: 89.56000%

Epoch: 69
Train Loss: 0.14777 | Train Best Acc: 94.85000%
Val Loss: 0.36217 | Val  Best Acc: 89.56000%
Test Loss: 0.41679 | Test  Best Acc: 89.56000%

Epoch: 70
Train Loss: 0.14550 | Train Best Acc: 94.84500%
Val Loss: 0.34960 | Val  Best Acc: 89.56000%
Test Loss: 0.42117 | Test  Best Acc: 89.56000%

Epoch: 71
Train Loss: 0.13890 | Train Best Acc: 95.19750%
Val Loss: 0.35186 | Val  Best Acc: 89.56000%
Test Loss: 0.37539 | Test  Best Acc: 89.56000%

Epoch: 72
Train Loss: 0.13314 | Train Best Acc: 95.30250%
Val Loss: 0.35144 | Val  Best Acc: 89.56000%
Test Loss: 0.41746 | Test  Best Acc: 89.56000%

Epoch: 73
Train Loss: 0.12933 | Train Best Acc: 95.53250%
Val Loss: 0.37381 | Val  Best Acc: 89.56000%
Test Loss: 0.39890 | Test  Best Acc: 89.56000%

Epoch: 74
Train Loss: 0.13320 | Train Best Acc: 95.22750%
Val Loss: 0.43788 | Val  Best Acc: 89.56000%
Test Loss: 0.50052 | Test  Best Acc: 89.56000%

Epoch: 75
Train Loss: 0.12869 | Train Best Acc: 95.36750%
Val Loss: 0.37674 | Val  Best Acc: 89.56000%
Test Loss: 0.40500 | Test  Best Acc: 89.56000%

Epoch: 76
Train Loss: 0.13242 | Train Best Acc: 95.23500%
Val Loss: 0.35699 | Val  Best Acc: 89.56000%
Test Loss: 0.37316 | Test  Best Acc: 89.56000%

Epoch: 77
Train Loss: 0.13083 | Train Best Acc: 95.45500%
Val Loss: 0.47853 | Val  Best Acc: 89.56000%
Test Loss: 0.52988 | Test  Best Acc: 89.56000%

Epoch: 78
Train Loss: 0.12565 | Train Best Acc: 95.56000%
Val Loss: 0.32904 | Val  Best Acc: 89.74000%
Test Loss: 0.37446 | Test  Best Acc: 89.74000%

Epoch: 79
Train Loss: 0.12431 | Train Best Acc: 95.58750%
Val Loss: 0.37816 | Val  Best Acc: 89.74000%
Test Loss: 0.43060 | Test  Best Acc: 89.74000%

Epoch: 80
Train Loss: 0.11677 | Train Best Acc: 95.86750%
Val Loss: 0.41224 | Val  Best Acc: 89.74000%
Test Loss: 0.49572 | Test  Best Acc: 89.74000%

Epoch: 81
Train Loss: 0.11567 | Train Best Acc: 95.88000%
Val Loss: 0.33269 | Val  Best Acc: 89.74000%
Test Loss: 0.36467 | Test  Best Acc: 89.74000%

Epoch: 82
Train Loss: 0.11155 | Train Best Acc: 96.12500%
Val Loss: 0.34481 | Val  Best Acc: 89.74000%
Test Loss: 0.36114 | Test  Best Acc: 89.74000%

Epoch: 83
Train Loss: 0.12217 | Train Best Acc: 95.71250%
Val Loss: 0.33423 | Val  Best Acc: 89.84000%
Test Loss: 0.36563 | Test  Best Acc: 89.84000%

Epoch: 84
Train Loss: 0.11604 | Train Best Acc: 95.86500%
Val Loss: 0.39314 | Val  Best Acc: 89.84000%
Test Loss: 0.42131 | Test  Best Acc: 89.84000%

Epoch: 85
Train Loss: 0.10756 | Train Best Acc: 96.28500%
Val Loss: 0.41525 | Val  Best Acc: 89.84000%
Test Loss: 0.50630 | Test  Best Acc: 89.84000%

Epoch: 86
Train Loss: 0.10749 | Train Best Acc: 96.26500%
Val Loss: 0.34139 | Val  Best Acc: 89.93000%
Test Loss: 0.39715 | Test  Best Acc: 89.93000%

Epoch: 87
Train Loss: 0.10362 | Train Best Acc: 96.46000%
Val Loss: 0.34736 | Val  Best Acc: 89.93000%
Test Loss: 0.36996 | Test  Best Acc: 89.93000%

Epoch: 88
Train Loss: 0.10268 | Train Best Acc: 96.29250%
Val Loss: 0.39194 | Val  Best Acc: 89.93000%
Test Loss: 0.42676 | Test  Best Acc: 89.93000%

Epoch: 89
Train Loss: 0.09654 | Train Best Acc: 96.60750%
Val Loss: 0.28293 | Val  Best Acc: 91.45000%
Test Loss: 0.30095 | Test  Best Acc: 91.45000%

Epoch: 90
Train Loss: 0.09617 | Train Best Acc: 96.55500%
Val Loss: 0.35361 | Val  Best Acc: 91.45000%
Test Loss: 0.40731 | Test  Best Acc: 91.45000%

Epoch: 91
Train Loss: 0.09520 | Train Best Acc: 96.68750%
Val Loss: 0.29499 | Val  Best Acc: 91.45000%
Test Loss: 0.34419 | Test  Best Acc: 91.45000%

Epoch: 92
Train Loss: 0.08990 | Train Best Acc: 96.93000%
Val Loss: 0.33919 | Val  Best Acc: 91.45000%
Test Loss: 0.40277 | Test  Best Acc: 91.45000%

Epoch: 93
Train Loss: 0.08777 | Train Best Acc: 96.92500%
Val Loss: 0.32287 | Val  Best Acc: 91.45000%
Test Loss: 0.37326 | Test  Best Acc: 91.45000%

Epoch: 94
Train Loss: 0.08897 | Train Best Acc: 96.81250%
Val Loss: 0.31615 | Val  Best Acc: 91.45000%
Test Loss: 0.37322 | Test  Best Acc: 91.45000%

Epoch: 95
Train Loss: 0.08825 | Train Best Acc: 96.99250%
Val Loss: 0.36066 | Val  Best Acc: 91.45000%
Test Loss: 0.43663 | Test  Best Acc: 91.45000%

Epoch: 96
Train Loss: 0.08036 | Train Best Acc: 97.17500%
Val Loss: 0.33613 | Val  Best Acc: 91.45000%
Test Loss: 0.38356 | Test  Best Acc: 91.45000%

Epoch: 97
Train Loss: 0.08359 | Train Best Acc: 97.14000%
Val Loss: 0.37790 | Val  Best Acc: 91.45000%
Test Loss: 0.40040 | Test  Best Acc: 91.45000%

Epoch: 98
Train Loss: 0.08163 | Train Best Acc: 97.17000%
Val Loss: 0.29968 | Val  Best Acc: 91.45000%
Test Loss: 0.33517 | Test  Best Acc: 91.45000%

Epoch: 99
Train Loss: 0.08309 | Train Best Acc: 97.13500%
Val Loss: 0.28671 | Val  Best Acc: 91.45000%
Test Loss: 0.35683 | Test  Best Acc: 91.45000%
